2013-08-09 19:07:41.038 [25941] 1/sched D> v8 TLS run-time hack works - all 3 keys have been detected
2013-08-09 19:07:41.038 [25941] 1/sched D> v8 pthread's TLS <-> fiber's FLS mapping:
2013-08-09 19:07:41.038 [25941] 1/sched D>  0 => 0
2013-08-09 19:07:41.038 [25941] 1/sched D>  1 => 1
2013-08-09 19:07:41.038 [25941] 1/sched D>  2 => 2
2013-08-09 19:07:41.048 [25941] 1/sched I> space 0 successfully configured
2013-08-09 19:07:41.048 [25941] 1/sched I> recovery start
2013-08-09 19:07:41.048 [25941] 1/sched I> recover from `./00000000000000000001.snap'
2013-08-09 19:07:41.048 [25941] 1/sched D> log_io_cursor_next: marker:0x00000000BA0BABED/4
2013-08-09 19:07:41.048 [25941] 1/sched D> eof while looking for magic
2013-08-09 19:07:41.048 [25941] 1/sched I> snapshot recovered, confirmed lsn: 1
2013-08-09 19:07:41.048 [25941] 1/sched I> building secondary indexes
2013-08-09 19:07:41.048 [25941] 1/sched I> bound to port 33013
2013-08-09 19:07:41.048 [25941] 1/sched I> I am primary
2013-08-09 19:07:41.048 [25941] 1/sched I> bound to port 33014
2013-08-09 19:07:41.048 [25941] 1/sched D> wal_writer_thread: locking &writer->mutex
2013-08-09 19:07:41.048 [25941] 1/sched I> bound to port 33015
2013-08-09 19:07:41.048 [25941] 101/js-init-library D> js enable
2013-08-09 19:07:41.048 [25941] 101/js-init-library D> js create locker
2013-08-09 19:07:41.050 [25941] 101/js-init-library I> Loading new JS module 'init' from './init.js'
2013-08-09 19:07:41.050 [25941] 101/js-init-library I> Loading new JS module 'console' from './console.js'
2013-08-09 19:07:41.051 [25941] 101/js-init-library I> Hello from JS
2013-08-09 19:07:41.051 [25941] 101/js-init-library stub.cc:90 W> new: 0xbb8960
2013-08-09 19:07:41.051 [25941] 101/js-init-library I> stub.add => 10
2013-08-09 19:07:41.051 [25941] 101/js-init-library I> stub.add => 25
2013-08-09 19:07:41.051 [25941] 101/js-init-library I> Loading new JS module 'node_util' from './node_util.js'
2013-08-09 19:07:41.054 [25941] 101/js-init-library I> node.js module test: [object Object] util.format 1
2013-08-09 19:07:41.054 [25941] 101/js-init-library D> js fiber pause hook
2013-08-09 19:07:41.054 [25941] 101/js-init-library D> js create unlocker
2013-08-09 19:07:41.054 [25941] 102/js D> js enable
2013-08-09 19:07:41.054 [25941] 102/js D> js create locker
2013-08-09 19:07:41.054 [25941] 102/js D> js fiber pause hook
2013-08-09 19:07:41.054 [25941] 102/js D> js create unlocker
2013-08-09 19:07:41.054 [25941] 101/js-init-library D> js fiber resume hook
2013-08-09 19:07:41.054 [25941] 101/js-init-library D> js delete unlocker
2013-08-09 19:07:41.054 [25941] 101/js-init-library D> js fiber pause hook
2013-08-09 19:07:41.054 [25941] 101/js-init-library D> js create unlocker
2013-08-09 19:07:41.054 [25941] 103/js D> js enable
2013-08-09 19:07:41.054 [25941] 103/js D> js create locker
2013-08-09 19:07:41.054 [25941] 103/js D> js fiber pause hook
2013-08-09 19:07:41.054 [25941] 103/js D> js create unlocker
2013-08-09 19:07:41.054 [25941] 101/js-init-library D> js fiber resume hook
2013-08-09 19:07:41.054 [25941] 101/js-init-library D> js delete unlocker
2013-08-09 19:07:41.054 [25941] 101/js-init-library I> f1.id = 102
2013-08-09 19:07:41.055 [25941] 101/js-init-library I> buffer[0]     = 0
2013-08-09 19:07:41.055 [25941] 101/js-init-library I> buffer[1023]  = -1
2013-08-09 19:07:41.055 [25941] 101/js-init-library I> buffer[1024]  = undefined
2013-08-09 19:07:41.055 [25941] 101/js-init-library I> List of exported methods:
2013-08-09 19:07:41.055 [25941] 101/js-init-library I> 	test
2013-08-09 19:07:41.055 [25941] 101/js-init-library I> End of the list.
2013-08-09 19:07:41.055 [25941] 101/js-init-library D> js fiber pause hook
2013-08-09 19:07:41.055 [25941] 101/js-init-library D> js create unlocker
2013-08-09 19:07:41.055 [25941] 101/js-init-library D> js fiber stop hook
2013-08-09 19:07:41.055 [25941] 101/js-init-library D> js delete unlocker
2013-08-09 19:07:41.055 [25941] 101/js-init-library D> js delete locker
2013-08-09 19:07:41.055 [25941] 1/sched C> log level 5
2013-08-09 19:07:41.055 [25941] 1/sched C> entering event loop
2013-08-09 19:07:41.055 [25941] 102/js D> js fiber resume hook
2013-08-09 19:07:41.055 [25941] 102/js D> js delete unlocker
2013-08-09 19:07:41.055 [25941] 102/js I> In Fiber: 102
2013-08-09 19:07:41.055 [25941] 102/js I> Hello from fiber: Hello
2013-08-09 19:07:41.055 [25941] 102/js D> js fiber pause hook
2013-08-09 19:07:41.055 [25941] 102/js D> js create unlocker
2013-08-09 19:07:41.055 [25941] 103/js D> js fiber resume hook
2013-08-09 19:07:41.055 [25941] 103/js D> js delete unlocker
2013-08-09 19:07:41.055 [25941] 103/js I> In Fiber: 103
2013-08-09 19:07:41.055 [25941] 103/js I> Hello from fiber: Hey
2013-08-09 19:07:41.055 [25941] 103/js D> js fiber pause hook
2013-08-09 19:07:41.055 [25941] 103/js D> js create unlocker
2013-08-09 19:07:41.055 [25941] 1/sched D> js idle
2013-08-09 19:07:41.057 [25941] 1/sched D> js idle
2013-08-09 19:07:41.058 [25941] 1/sched D> js idle
2013-08-09 19:07:41.059 [25941] 1/sched D> js idle
2013-08-09 19:07:41.060 [25941] 1/sched D> js idle
2013-08-09 19:07:41.061 [25941] 1/sched D> js idle
2013-08-09 19:07:41.063 [25941] 1/sched D> js idle
2013-08-09 19:07:42.056 [25941] 102/js D> js fiber resume hook
2013-08-09 19:07:42.056 [25941] 102/js D> js delete unlocker
2013-08-09 19:07:42.056 [25941] 102/js I> Hello from fiber: Hello
2013-08-09 19:07:42.056 [25941] 102/js D> js fiber pause hook
2013-08-09 19:07:42.056 [25941] 102/js D> js create unlocker
2013-08-09 19:07:42.056 [25941] 103/js D> js fiber resume hook
2013-08-09 19:07:42.056 [25941] 103/js D> js delete unlocker
2013-08-09 19:07:42.056 [25941] 103/js I> Hello from fiber: Hey
2013-08-09 19:07:42.056 [25941] 103/js D> js fiber pause hook
2013-08-09 19:07:42.056 [25941] 103/js D> js create unlocker
2013-08-09 19:07:42.056 [25941] 1/sched D> js idle
2013-08-09 19:07:42.884 [25941] 1/sched C> exiting loop
2013-08-09 19:07:42.884 [25941] 1/sched D> wal_writer_stop: locking &writer->mutex
2013-08-09 19:07:42.884 [25941] 1/sched D> wal_writer_stop: unlocking &writer->mutex
2013-08-09 19:07:42.884 [25941] 1/sched D> wal_writer_thread: unlocking &writer->mutex
2013-08-09 19:07:42.884 [25941] 1/sched D> wal_writer_thread: locking &writer->mutex
2013-08-09 19:07:42.884 [25941] 1/sched D> wal_writer_thread: unlocking &writer->mutex
